<?xml version="1.0" encoding="UTF-8"?>
<!-- Generated by org.testng.reporters.JUnitReportReporter -->
<testsuite hostname="Prajnas-Air" failures="0" tests="1" name="DemoClass.Base" time="0.018" errors="0" timestamp="2021-08-13T16:09:56 IST" skipped="0">
  <testcase classname="DemoClass.Base" name="teardown" time="0.018"/>
  <system-out/>
</testsuite> <!-- DemoClass.Base -->
